c:\users\john\desktop\chalmers\year4\lp3=tda572-game_engine_architecture\lab6\lab4\lab4\debug\vc141.pdb
c:\users\john\desktop\chalmers\year4\lp3=tda572-game_engine_architecture\lab6\lab4\lab4\debug\vc141.idb
c:\users\john\desktop\chalmers\year4\lp3=tda572-game_engine_architecture\lab6\lab4\lab4\debug\time_handler.obj
c:\users\john\desktop\chalmers\year4\lp3=tda572-game_engine_architecture\lab6\lab4\lab4\debug\sprite.obj
c:\users\john\desktop\chalmers\year4\lp3=tda572-game_engine_architecture\lab6\lab4\lab4\debug\player.obj
c:\users\john\desktop\chalmers\year4\lp3=tda572-game_engine_architecture\lab6\lab4\lab4\debug\invaders.obj
c:\users\john\desktop\chalmers\year4\lp3=tda572-game_engine_architecture\lab6\lab4\lab4\debug\game_object.obj
c:\users\john\desktop\chalmers\year4\lp3=tda572-game_engine_architecture\lab6\lab4\lab4\debug\game.obj
c:\users\john\desktop\chalmers\year4\lp3=tda572-game_engine_architecture\lab6\lab4\lab4\debug\component.obj
c:\users\john\desktop\chalmers\year4\lp3=tda572-game_engine_architecture\lab6\lab4\lab4\debug\avancezlib.obj
c:\users\john\desktop\chalmers\year4\lp3=tda572-game_engine_architecture\lab6\lab4\lab4\debug\audio_handler.obj
c:\users\john\desktop\chalmers\year4\lp3=tda572-game_engine_architecture\lab6\lab4\debug\lab4.ilk
c:\users\john\desktop\chalmers\year4\lp3=tda572-game_engine_architecture\lab6\lab4\debug\lab4.exe
c:\users\john\desktop\chalmers\year4\lp3=tda572-game_engine_architecture\lab6\lab4\debug\lab4.pdb
c:\users\john\desktop\chalmers\year4\lp3=tda572-game_engine_architecture\lab6\lab4\lab4\debug\lab4.tlog\cl.command.1.tlog
c:\users\john\desktop\chalmers\year4\lp3=tda572-game_engine_architecture\lab6\lab4\lab4\debug\lab4.tlog\cl.read.1.tlog
c:\users\john\desktop\chalmers\year4\lp3=tda572-game_engine_architecture\lab6\lab4\lab4\debug\lab4.tlog\cl.write.1.tlog
c:\users\john\desktop\chalmers\year4\lp3=tda572-game_engine_architecture\lab6\lab4\lab4\debug\lab4.tlog\link.command.1.tlog
c:\users\john\desktop\chalmers\year4\lp3=tda572-game_engine_architecture\lab6\lab4\lab4\debug\lab4.tlog\link.read.1.tlog
c:\users\john\desktop\chalmers\year4\lp3=tda572-game_engine_architecture\lab6\lab4\lab4\debug\lab4.tlog\link.write.1.tlog
